

 LOG file opened at 03/09/20 15:57:49

Field Definitions for table STATUS
  Record format DELIMITED, delimited by 

  Data in file has same endianness as the platform
  Rows with all null fields are accepted

  Fields in Data Source: 

    NUM_STATUS                      CHAR (255)
      Terminated by ","
      Enclosed by """ and """
      Trim whitespace same as SQL Loader
    ISACTIVEMEMBER                  CHAR (255)
      Terminated by ","
      Enclosed by """ and """
      Trim whitespace same as SQL Loader
    HASCREDITCARD                   CHAR (255)
      Terminated by ","
      Enclosed by """ and """
      Trim whitespace same as SQL Loader
    ESTIMATEDSALARY                 CHAR (255)
      Terminated by ","
      Enclosed by """ and """
      Trim whitespace same as SQL Loader
    EXITED                          CHAR (255)
      Terminated by ","
      Enclosed by """ and """
      Trim whitespace same as SQL Loader
error processing column NUM_STATUS in row 1 for datafile C:\Users\bonkano\Desktop\Travail de Alassane Bonkano Abdoul-Razak\Data_statut_client.csv
ORA-01722: Nombre non valide


 LOG file opened at 03/09/20 15:59:34

Field Definitions for table STATUS
  Record format DELIMITED, delimited by 

  Data in file has same endianness as the platform
  Rows with all null fields are accepted

  Fields in Data Source: 

    NUM_STATUS                      CHAR (255)
      Terminated by ","
      Enclosed by """ and """
      Trim whitespace same as SQL Loader
    ISACTIVEMEMBER                  CHAR (255)
      Terminated by ","
      Enclosed by """ and """
      Trim whitespace same as SQL Loader
    ESTIMATEDSALARY                 CHAR (255)
      Terminated by ","
      Enclosed by """ and """
      Trim whitespace same as SQL Loader
    HASCREDITCARD                   CHAR (255)
      Terminated by ","
      Enclosed by """ and """
      Trim whitespace same as SQL Loader
    EXITED                          CHAR (255)
      Terminated by ","
      Enclosed by """ and """
      Trim whitespace same as SQL Loader
error processing column NUM_STATUS in row 1 for datafile C:\Users\bonkano\Desktop\Travail de Alassane Bonkano Abdoul-Razak\Data_statut_client.csv
ORA-01722: Nombre non valide


 LOG file opened at 03/09/20 21:47:19

KUP-04040: file données.csv in MONREPERTOIRESRC not found


 LOG file opened at 03/09/20 21:49:45

KUP-04040: file données.csv in MONREPERTOIRESRC not found


 LOG file opened at 03/09/20 21:51:36

KUP-04040: file données.csv in MONREPERTOIRESRC not found


 LOG file opened at 03/09/20 22:08:15

KUP-04040: file données.csv in MONREPERTOIRESRC not found


 LOG file opened at 03/10/20 03:35:03

Field Definitions for table STATUS
  Record format DELIMITED, delimited by 

  Data in file has same endianness as the platform
  Rows with all null fields are accepted

  Fields in Data Source: 

    NUM_STATUS                      CHAR (255)
      Terminated by ","
      Enclosed by """ and """
      Trim whitespace same as SQL Loader
    ISACTIVEMEMBER                  CHAR (255)
      Terminated by ","
      Enclosed by """ and """
      Trim whitespace same as SQL Loader
    ESTIMATEDSALARY                 CHAR (255)
      Terminated by ","
      Enclosed by """ and """
      Trim whitespace same as SQL Loader
    HASCREDITCARD                   CHAR (255)
      Terminated by ","
      Enclosed by """ and """
      Trim whitespace same as SQL Loader
    EXITED                          CHAR (255)
      Terminated by ","
      Enclosed by """ and """
      Trim whitespace same as SQL Loader
error processing column NUM_STATUS in row 1 for datafile C:\Users\bonkano\Desktop\Travail de Alassane Bonkano Abdoul-Razak\Data_statut_client.csv
ORA-01722: Nombre non valide


 LOG file opened at 03/10/20 03:36:21

Field Definitions for table STATUS
  Record format DELIMITED, delimited by 

  Data in file has same endianness as the platform
  Rows with all null fields are accepted

  Fields in Data Source: 

    NUM_STATUS                      CHAR (255)
      Terminated by ","
      Enclosed by """ and """
      Trim whitespace same as SQL Loader
    ISACTIVEMEMBER                  CHAR (255)
      Terminated by ","
      Enclosed by """ and """
      Trim whitespace same as SQL Loader
    ESTIMATEDSALARY                 CHAR (255)
      Terminated by ","
      Enclosed by """ and """
      Trim whitespace same as SQL Loader
    HASCREDITCARD                   CHAR (255)
      Terminated by ","
      Enclosed by """ and """
      Trim whitespace same as SQL Loader
    EXITED                          CHAR (255)
      Terminated by ","
      Enclosed by """ and """
      Trim whitespace same as SQL Loader
error processing column NUM_STATUS in row 1 for datafile C:\Users\bonkano\Desktop\Travail de Alassane Bonkano Abdoul-Razak\Data_statut_client.csv
ORA-01722: Nombre non valide


 LOG file opened at 03/10/20 04:03:30

Field Definitions for table STATUS
  Record format DELIMITED, delimited by 

  Data in file has same endianness as the platform
  Rows with all null fields are accepted

  Fields in Data Source: 

    NUM_STATUS                      CHAR (255)
      Terminated by ","
      Enclosed by """ and """
      Trim whitespace same as SQL Loader
    ISACTIVEMEMBER                  CHAR (255)
      Terminated by ","
      Enclosed by """ and """
      Trim whitespace same as SQL Loader
    ESTIMATEDSALARY                 CHAR (255)
      Terminated by ","
      Enclosed by """ and """
      Trim whitespace same as SQL Loader
    HASCREDITCARD                   CHAR (255)
      Terminated by ","
      Enclosed by """ and """
      Trim whitespace same as SQL Loader
    EXITED                          CHAR (255)
      Terminated by ","
      Enclosed by """ and """
      Trim whitespace same as SQL Loader
error processing column NUM_STATUS in row 1 for datafile C:\Users\bonkano\Desktop\Travail de Alassane Bonkano Abdoul-Razak\Data_statut_client.csv
ORA-01722: Nombre non valide


 LOG file opened at 03/10/20 04:06:31

Field Definitions for table STATUS
  Record format DELIMITED, delimited by 

  Data in file has same endianness as the platform
  Rows with all null fields are accepted

  Fields in Data Source: 

    NUM_STATUS                      CHAR (255)
      Terminated by ","
      Enclosed by """ and """
      Trim whitespace same as SQL Loader
    ISACTIVEMEMBER                  CHAR (255)
      Terminated by ","
      Enclosed by """ and """
      Trim whitespace same as SQL Loader
    ESTIMATEDSALARY                 CHAR (255)
      Terminated by ","
      Enclosed by """ and """
      Trim whitespace same as SQL Loader
    HASCREDITCARD                   CHAR (255)
      Terminated by ","
      Enclosed by """ and """
      Trim whitespace same as SQL Loader
    EXITED                          CHAR (255)
      Terminated by ","
      Enclosed by """ and """
      Trim whitespace same as SQL Loader
error processing column NUM_STATUS in row 1 for datafile C:\Users\bonkano\Desktop\Travail de Alassane Bonkano Abdoul-Razak\Data_statut_client.csv
ORA-01722: Nombre non valide


 LOG file opened at 03/10/20 04:10:07

Field Definitions for table STATUS
  Record format DELIMITED, delimited by 

  Data in file has same endianness as the platform
  Rows with all null fields are accepted

  Fields in Data Source: 

    NUM_STATUS                      CHAR (255)
      Terminated by ","
      Enclosed by """ and """
      Trim whitespace same as SQL Loader
    ISACTIVEMEMBER                  CHAR (255)
      Terminated by ","
      Enclosed by """ and """
      Trim whitespace same as SQL Loader
    ESTIMATEDSALARY                 CHAR (255)
      Terminated by ","
      Enclosed by """ and """
      Trim whitespace same as SQL Loader
    HASCREDITCARD                   CHAR (255)
      Terminated by ","
      Enclosed by """ and """
      Trim whitespace same as SQL Loader
    EXITED                          CHAR (255)
      Terminated by ","
      Enclosed by """ and """
      Trim whitespace same as SQL Loader
error processing column NUM_STATUS in row 1 for datafile C:\Users\bonkano\Desktop\Travail de Alassane Bonkano Abdoul-Razak\Data_statut_client.csv
ORA-01722: Nombre non valide


 LOG file opened at 03/10/20 04:12:45

Field Definitions for table STATUS
  Record format DELIMITED, delimited by 

  Data in file has same endianness as the platform
  Rows with all null fields are accepted

  Fields in Data Source: 

    NUM_STATUS                      CHAR (255)
      Terminated by ","
      Enclosed by """ and """
      Trim whitespace same as SQL Loader
    ISACTIVEMEMBER                  CHAR (255)
      Terminated by ","
      Enclosed by """ and """
      Trim whitespace same as SQL Loader
    ESTIMATEDSALARY                 CHAR (255)
      Terminated by ","
      Enclosed by """ and """
      Trim whitespace same as SQL Loader
    HASCREDITCARD                   CHAR (255)
      Terminated by ","
      Enclosed by """ and """
      Trim whitespace same as SQL Loader
    EXITED                          CHAR (255)
      Terminated by ","
      Enclosed by """ and """
      Trim whitespace same as SQL Loader
error processing column NUM_STATUS in row 1 for datafile C:\Users\bonkano\Desktop\Travail de Alassane Bonkano Abdoul-Razak\Data_statut_client.csv
ORA-01722: Nombre non valide


 LOG file opened at 03/10/20 04:15:33

Field Definitions for table STATUS
  Record format DELIMITED, delimited by 

  Data in file has same endianness as the platform
  Rows with all null fields are accepted

  Fields in Data Source: 

    NUM_STATUS                      CHAR (255)
      Terminated by ","
      Enclosed by """ and """
      Trim whitespace same as SQL Loader
    ISACTIVEMEMBER                  CHAR (255)
      Terminated by ","
      Enclosed by """ and """
      Trim whitespace same as SQL Loader
    ESTIMATEDSALARY                 CHAR (255)
      Terminated by ","
      Enclosed by """ and """
      Trim whitespace same as SQL Loader
    HASCREDITCARD                   CHAR (255)
      Terminated by ","
      Enclosed by """ and """
      Trim whitespace same as SQL Loader
    EXITED                          CHAR (255)
      Terminated by ","
      Enclosed by """ and """
      Trim whitespace same as SQL Loader
error processing column NUM_STATUS in row 1 for datafile C:\Users\bonkano\Desktop\Travail de Alassane Bonkano Abdoul-Razak\Data_statut_client.csv
ORA-01722: Nombre non valide


 LOG file opened at 03/10/20 04:20:17

Field Definitions for table STATUS
  Record format DELIMITED, delimited by 

  Data in file has same endianness as the platform
  Rows with all null fields are accepted

  Fields in Data Source: 

    NUM_STATUS                      CHAR (255)
      Terminated by ","
      Enclosed by """ and """
      Trim whitespace same as SQL Loader
    ISACTIVEMEMBER                  CHAR (255)
      Terminated by ","
      Enclosed by """ and """
      Trim whitespace same as SQL Loader
    ESTIMATEDSALARY                 CHAR (255)
      Terminated by ","
      Enclosed by """ and """
      Trim whitespace same as SQL Loader
    HASCREDITCARD                   CHAR (255)
      Terminated by ","
      Enclosed by """ and """
      Trim whitespace same as SQL Loader
    EXITED                          CHAR (255)
      Terminated by ","
      Enclosed by """ and """
      Trim whitespace same as SQL Loader
error processing column NUM_STATUS in row 1 for datafile C:\Users\bonkano\Desktop\Travail de Alassane Bonkano Abdoul-Razak\Data_statut_client.csv
ORA-01722: Nombre non valide


 LOG file opened at 03/10/20 07:02:41

Field Definitions for table STATUS
  Record format DELIMITED, delimited by 

  Data in file has same endianness as the platform
  Rows with all null fields are accepted

  Fields in Data Source: 

    NUM_STATUS                      CHAR (255)
      Terminated by ","
      Enclosed by """ and """
      Trim whitespace same as SQL Loader
    ISACTIVEMEMBER                  CHAR (255)
      Terminated by ","
      Enclosed by """ and """
      Trim whitespace same as SQL Loader
    ESTIMATEDSALARY                 CHAR (255)
      Terminated by ","
      Enclosed by """ and """
      Trim whitespace same as SQL Loader
    HASCREDITCARD                   CHAR (255)
      Terminated by ","
      Enclosed by """ and """
      Trim whitespace same as SQL Loader
    EXITED                          CHAR (255)
      Terminated by ","
      Enclosed by """ and """
      Trim whitespace same as SQL Loader
error processing column NUM_STATUS in row 1 for datafile C:\Users\bonkano\Desktop\Travail de Alassane Bonkano Abdoul-Razak\Data_statut_client.csv
ORA-01722: Nombre non valide


 LOG file opened at 03/10/20 07:07:31

Field Definitions for table STATUS
  Record format DELIMITED, delimited by 

  Data in file has same endianness as the platform
  Rows with all null fields are accepted

  Fields in Data Source: 

    NUM_STATUS                      CHAR (255)
      Terminated by ","
      Enclosed by """ and """
      Trim whitespace same as SQL Loader
    ISACTIVEMEMBER                  CHAR (255)
      Terminated by ","
      Enclosed by """ and """
      Trim whitespace same as SQL Loader
    ESTIMATEDSALARY                 CHAR (255)
      Terminated by ","
      Enclosed by """ and """
      Trim whitespace same as SQL Loader
    HASCREDITCARD                   CHAR (255)
      Terminated by ","
      Enclosed by """ and """
      Trim whitespace same as SQL Loader
    EXITED                          CHAR (255)
      Terminated by ","
      Enclosed by """ and """
      Trim whitespace same as SQL Loader
error processing column NUM_STATUS in row 1 for datafile C:\Users\bonkano\Desktop\Travail de Alassane Bonkano Abdoul-Razak\Data_statut_client.csv
ORA-01722: Nombre non valide


 LOG file opened at 03/10/20 07:10:40

Field Definitions for table STATUS
  Record format DELIMITED, delimited by 

  Data in file has same endianness as the platform
  Rows with all null fields are accepted

  Fields in Data Source: 

    NUM_STATUS                      CHAR (255)
      Terminated by ","
      Enclosed by """ and """
      Trim whitespace same as SQL Loader
    ISACTIVEMEMBER                  CHAR (255)
      Terminated by ","
      Enclosed by """ and """
      Trim whitespace same as SQL Loader
    ESTIMATEDSALARY                 CHAR (255)
      Terminated by ","
      Enclosed by """ and """
      Trim whitespace same as SQL Loader
    HASCREDITCARD                   CHAR (255)
      Terminated by ","
      Enclosed by """ and """
      Trim whitespace same as SQL Loader
    EXITED                          CHAR (255)
      Terminated by ","
      Enclosed by """ and """
      Trim whitespace same as SQL Loader
error processing column NUM_STATUS in row 1 for datafile C:\Users\bonkano\Desktop\Travail de Alassane Bonkano Abdoul-Razak\Data_statut_client.csv
ORA-01722: Nombre non valide


 LOG file opened at 03/10/20 07:14:05

Field Definitions for table STATUS
  Record format DELIMITED, delimited by 

  Data in file has same endianness as the platform
  Rows with all null fields are accepted

  Fields in Data Source: 

    NUM_STATUS                      CHAR (255)
      Terminated by ","
      Enclosed by """ and """
      Trim whitespace same as SQL Loader
    ISACTIVEMEMBER                  CHAR (255)
      Terminated by ","
      Enclosed by """ and """
      Trim whitespace same as SQL Loader
    ESTIMATEDSALARY                 CHAR (255)
      Terminated by ","
      Enclosed by """ and """
      Trim whitespace same as SQL Loader
    HASCREDITCARD                   CHAR (255)
      Terminated by ","
      Enclosed by """ and """
      Trim whitespace same as SQL Loader
    EXITED                          CHAR (255)
      Terminated by ","
      Enclosed by """ and """
      Trim whitespace same as SQL Loader
error processing column NUM_STATUS in row 1 for datafile C:\Users\bonkano\Desktop\Travail de Alassane Bonkano Abdoul-Razak\Data_statut_client.csv
ORA-01722: Nombre non valide


 LOG file opened at 03/10/20 07:18:35

Field Definitions for table STATUS
  Record format DELIMITED, delimited by 

  Data in file has same endianness as the platform
  Rows with all null fields are accepted

  Fields in Data Source: 

    NUM_STATUS                      CHAR (255)
      Terminated by ","
      Enclosed by """ and """
      Trim whitespace same as SQL Loader
    ISACTIVEMEMBER                  CHAR (255)
      Terminated by ","
      Enclosed by """ and """
      Trim whitespace same as SQL Loader
    ESTIMATEDSALARY                 CHAR (255)
      Terminated by ","
      Enclosed by """ and """
      Trim whitespace same as SQL Loader
    HASCREDITCARD                   CHAR (255)
      Terminated by ","
      Enclosed by """ and """
      Trim whitespace same as SQL Loader
    EXITED                          CHAR (255)
      Terminated by ","
      Enclosed by """ and """
      Trim whitespace same as SQL Loader
error processing column NUM_STATUS in row 1 for datafile C:\Users\bonkano\Desktop\Travail de Alassane Bonkano Abdoul-Razak\Data_statut_client.csv
ORA-01722: Nombre non valide


 LOG file opened at 03/10/20 07:29:53

Field Definitions for table STATUS
  Record format DELIMITED, delimited by 

  Data in file has same endianness as the platform
  Rows with all null fields are accepted

  Fields in Data Source: 

    NUM_STATUS                      CHAR (255)
      Terminated by ","
      Enclosed by """ and """
      Trim whitespace same as SQL Loader
    ISACTIVEMEMBER                  CHAR (255)
      Terminated by ","
      Enclosed by """ and """
      Trim whitespace same as SQL Loader
    ESTIMATEDSALARY                 CHAR (255)
      Terminated by ","
      Enclosed by """ and """
      Trim whitespace same as SQL Loader
    HASCREDITCARD                   CHAR (255)
      Terminated by ","
      Enclosed by """ and """
      Trim whitespace same as SQL Loader
    EXITED                          CHAR (255)
      Terminated by ","
      Enclosed by """ and """
      Trim whitespace same as SQL Loader
error processing column NUM_STATUS in row 1 for datafile C:\Users\bonkano\Desktop\Travail de Alassane Bonkano Abdoul-Razak\Data_statut_client.csv
ORA-01722: Nombre non valide


 LOG file opened at 03/10/20 07:31:15

Field Definitions for table STATUS
  Record format DELIMITED, delimited by 

  Data in file has same endianness as the platform
  Rows with all null fields are accepted

  Fields in Data Source: 

    NUM_STATUS                      CHAR (255)
      Terminated by ","
      Enclosed by """ and """
      Trim whitespace same as SQL Loader
    ISACTIVEMEMBER                  CHAR (255)
      Terminated by ","
      Enclosed by """ and """
      Trim whitespace same as SQL Loader
    ESTIMATEDSALARY                 CHAR (255)
      Terminated by ","
      Enclosed by """ and """
      Trim whitespace same as SQL Loader
    HASCREDITCARD                   CHAR (255)
      Terminated by ","
      Enclosed by """ and """
      Trim whitespace same as SQL Loader
    EXITED                          CHAR (255)
      Terminated by ","
      Enclosed by """ and """
      Trim whitespace same as SQL Loader
error processing column NUM_STATUS in row 1 for datafile C:\Users\bonkano\Desktop\Travail de Alassane Bonkano Abdoul-Razak\Data_statut_client.csv
ORA-01722: Nombre non valide


 LOG file opened at 03/10/20 07:35:28

Field Definitions for table STATUS
  Record format DELIMITED, delimited by 

  Data in file has same endianness as the platform
  Rows with all null fields are accepted

  Fields in Data Source: 

    NUM_STATUS                      CHAR (255)
      Terminated by ","
      Enclosed by """ and """
      Trim whitespace same as SQL Loader
    ISACTIVEMEMBER                  CHAR (255)
      Terminated by ","
      Enclosed by """ and """
      Trim whitespace same as SQL Loader
    ESTIMATEDSALARY                 CHAR (255)
      Terminated by ","
      Enclosed by """ and """
      Trim whitespace same as SQL Loader
    HASCREDITCARD                   CHAR (255)
      Terminated by ","
      Enclosed by """ and """
      Trim whitespace same as SQL Loader
    EXITED                          CHAR (255)
      Terminated by ","
      Enclosed by """ and """
      Trim whitespace same as SQL Loader
error processing column NUM_STATUS in row 1 for datafile C:\Users\bonkano\Desktop\Travail de Alassane Bonkano Abdoul-Razak\Data_statut_client.csv
ORA-01722: Nombre non valide


 LOG file opened at 03/10/20 07:37:18

Field Definitions for table STATUS
  Record format DELIMITED, delimited by 

  Data in file has same endianness as the platform
  Rows with all null fields are accepted

  Fields in Data Source: 

    NUM_STATUS                      CHAR (255)
      Terminated by ","
      Enclosed by """ and """
      Trim whitespace same as SQL Loader
    ISACTIVEMEMBER                  CHAR (255)
      Terminated by ","
      Enclosed by """ and """
      Trim whitespace same as SQL Loader
    ESTIMATEDSALARY                 CHAR (255)
      Terminated by ","
      Enclosed by """ and """
      Trim whitespace same as SQL Loader
    HASCREDITCARD                   CHAR (255)
      Terminated by ","
      Enclosed by """ and """
      Trim whitespace same as SQL Loader
    EXITED                          CHAR (255)
      Terminated by ","
      Enclosed by """ and """
      Trim whitespace same as SQL Loader
error processing column NUM_STATUS in row 1 for datafile C:\Users\bonkano\Desktop\Travail de Alassane Bonkano Abdoul-Razak\Data_statut_client.csv
ORA-01722: Nombre non valide


 LOG file opened at 03/10/20 07:38:32

Field Definitions for table STATUS
  Record format DELIMITED, delimited by 

  Data in file has same endianness as the platform
  Rows with all null fields are accepted

  Fields in Data Source: 

    NUM_STATUS                      CHAR (255)
      Terminated by ","
      Enclosed by """ and """
      Trim whitespace same as SQL Loader
    ISACTIVEMEMBER                  CHAR (255)
      Terminated by ","
      Enclosed by """ and """
      Trim whitespace same as SQL Loader
    ESTIMATEDSALARY                 CHAR (255)
      Terminated by ","
      Enclosed by """ and """
      Trim whitespace same as SQL Loader
    HASCREDITCARD                   CHAR (255)
      Terminated by ","
      Enclosed by """ and """
      Trim whitespace same as SQL Loader
    EXITED                          CHAR (255)
      Terminated by ","
      Enclosed by """ and """
      Trim whitespace same as SQL Loader
error processing column NUM_STATUS in row 1 for datafile C:\Users\bonkano\Desktop\Travail de Alassane Bonkano Abdoul-Razak\Data_statut_client.csv
ORA-01722: Nombre non valide


 LOG file opened at 03/10/20 11:09:32

Field Definitions for table STATUS
  Record format DELIMITED, delimited by 

  Data in file has same endianness as the platform
  Rows with all null fields are accepted

  Fields in Data Source: 

    NUM_STATUS                      CHAR (255)
      Terminated by ","
      Enclosed by """ and """
      Trim whitespace same as SQL Loader
    ISACTIVEMEMBER                  CHAR (255)
      Terminated by ","
      Enclosed by """ and """
      Trim whitespace same as SQL Loader
    ESTIMATEDSALARY                 CHAR (255)
      Terminated by ","
      Enclosed by """ and """
      Trim whitespace same as SQL Loader
    HASCREDITCARD                   CHAR (255)
      Terminated by ","
      Enclosed by """ and """
      Trim whitespace same as SQL Loader
    EXITED                          CHAR (255)
      Terminated by ","
      Enclosed by """ and """
      Trim whitespace same as SQL Loader
error processing column NUM_STATUS in row 1 for datafile C:\Users\bonkano\Desktop\Travail de Alassane Bonkano Abdoul-Razak\Data_statut_client.csv
ORA-01722: Nombre non valide


 LOG file opened at 03/10/20 15:37:54

Field Definitions for table STATUS
  Record format DELIMITED, delimited by 

  Data in file has same endianness as the platform
  Rows with all null fields are accepted

  Fields in Data Source: 

    NUM_STATUS                      CHAR (255)
      Terminated by ","
      Enclosed by """ and """
      Trim whitespace same as SQL Loader
    ISACTIVEMEMBER                  CHAR (255)
      Terminated by ","
      Enclosed by """ and """
      Trim whitespace same as SQL Loader
    ESTIMATEDSALARY                 CHAR (255)
      Terminated by ","
      Enclosed by """ and """
      Trim whitespace same as SQL Loader
    HASCREDITCARD                   CHAR (255)
      Terminated by ","
      Enclosed by """ and """
      Trim whitespace same as SQL Loader
    EXITED                          CHAR (255)
      Terminated by ","
      Enclosed by """ and """
      Trim whitespace same as SQL Loader
error processing column NUM_STATUS in row 1 for datafile C:\Users\bonkano\Desktop\Travail de Alassane Bonkano Abdoul-Razak\Data_statut_client.csv
ORA-01722: Nombre non valide
